<?xml version="1.0" encoding="UTF-8"?>
<!-- Generated by org.testng.reporters.JUnitReportReporter -->
<testsuite hostname="Cihan-MacBook-Pro.local" failures="0" tests="2" name="Software_Testing_Bootcamp.API_Test" time="1.372" errors="0" timestamp="2022-10-03T23:27:42 EET" skipped="0">
  <testcase classname="Software_Testing_Bootcamp.API_Test" name="createRegisterTest" time="1.090"/>
  <system-out/>
  <testcase classname="Software_Testing_Bootcamp.API_Test" name="singleUserTest" time="0.282"/>
  <system-out/>
</testsuite> <!-- Software_Testing_Bootcamp.API_Test -->
