<?xml version="1.0" encoding="UTF-8"?>
<!-- Generated by org.testng.reporters.JUnitReportReporter -->
<testsuite hostname="Cihan-MacBook-Pro.local" failures="0" tests="3" name="Software_Testing_Bootcamp.RestAssuredtest2" time="1.615" errors="0" timestamp="2022-10-03T22:39:50 EET" skipped="0">
  <testcase classname="Software_Testing_Bootcamp.RestAssuredtest2" name="singleUserBddTest" time="0.235"/>
  <system-out/>
  <testcase classname="Software_Testing_Bootcamp.RestAssuredtest2" name="createUserTest" time="1.181"/>
  <system-out/>
  <testcase classname="Software_Testing_Bootcamp.RestAssuredtest2" name="singleUserTest" time="0.199"/>
  <system-out/>
</testsuite> <!-- Software_Testing_Bootcamp.RestAssuredtest2 -->
