<?xml version="1.0" encoding="UTF-8"?>
<!-- Generated by org.testng.reporters.JUnitReportReporter -->
<testsuite hostname="Cihan-MacBook-Pro.local" failures="0" tests="2" name="Software_Testing_Bootcamp.RestAssuredtest3" time="1.315" errors="0" timestamp="2022-10-03T23:15:56 EET" skipped="0">
  <testcase classname="Software_Testing_Bootcamp.RestAssuredtest3" name="createUserTest" time="1.124"/>
  <system-out/>
  <testcase classname="Software_Testing_Bootcamp.RestAssuredtest3" name="singleUserTest" time="0.191"/>
  <system-out/>
</testsuite> <!-- Software_Testing_Bootcamp.RestAssuredtest3 -->
